# JRE version: Java(TM) SE Runtime Environment (8.0_73-b02) (build 1.8.0_73-b02)
# Java VM: Java HotSpot(TM) 64-Bit Server VM (25.73-b02 mixed mode windows-amd64 compressed oops)
Heap:
 PSYoungGen      total 27136K, used 8488K [0x000000078ab00000, 0x000000078c680000, 0x00000007c0000000)
  eden space 26112K, 30% used [0x000000078ab00000,0x000000078b2ceb60,0x000000078c480000)
  from space 1024K, 48% used [0x000000078c480000,0x000000078c4fb520,0x000000078c580000)
  to   space 1024K, 0% used [0x000000078c580000,0x000000078c580000,0x000000078c680000)
 ParOldGen       total 54784K, used 10766K [0x0000000720000000, 0x0000000723580000, 0x000000078ab00000)
  object space 54784K, 19% used [0x0000000720000000,0x0000000720a83b50,0x0000000723580000)
 Metaspace       used 22301K, capacity 23394K, committed 23552K, reserved 1069056K
  class space    used 3058K, capacity 3319K, committed 3328K, reserved 1048576K
GC Heap History (10 events):
Event: 270.605 GC heap before
{Heap before GC invocations=64 (full 1):
 PSYoungGen      total 27136K, used 26445K [0x000000078ab00000, 0x000000078c680000, 0x00000007c0000000)
  eden space 26112K, 99% used [0x000000078ab00000,0x000000078c47ff80,0x000000078c480000)
  from space 1024K, 32% used [0x000000078c580000,0x000000078c5d3520,0x000000078c680000)
  to   space 1024K, 0% used [0x000000078c480000,0x000000078c480000,0x000000078c580000)
 ParOldGen       total 54784K, used 10670K [0x0000000720000000, 0x0000000723580000, 0x000000078ab00000)
  object space 54784K, 19% used [0x0000000720000000,0x0000000720a6bb50,0x0000000723580000)
 Metaspace       used 22168K, capacity 23170K, committed 23296K, reserved 1069056K
  class space    used 3056K, capacity 3287K, committed 3328K, reserved 1048576K
Event: 270.606 GC heap after
Heap after GC invocations=64 (full 1):
 PSYoungGen      total 27136K, used 407K [0x000000078ab00000, 0x000000078c680000, 0x00000007c0000000)
  eden space 26112K, 0% used [0x000000078ab00000,0x000000078ab00000,0x000000078c480000)
  from space 1024K, 39% used [0x000000078c480000,0x000000078c4e5e30,0x000000078c580000)
  to   space 1024K, 0% used [0x000000078c580000,0x000000078c580000,0x000000078c680000)
 ParOldGen       total 54784K, used 10686K [0x0000000720000000, 0x0000000723580000, 0x000000078ab00000)
  object space 54784K, 19% used [0x0000000720000000,0x0000000720a6fb50,0x0000000723580000)
 Metaspace       used 22168K, capacity 23170K, committed 23296K, reserved 1069056K
  class space    used 3056K, capacity 3287K, committed 3328K, reserved 1048576K
}
Event: 277.467 GC heap before
{Heap before GC invocations=65 (full 1):
 PSYoungGen      total 27136K, used 26455K [0x000000078ab00000, 0x000000078c680000, 0x00000007c0000000)
  eden space 26112K, 99% used [0x000000078ab00000,0x000000078c46ff50,0x000000078c480000)
  from space 1024K, 39% used [0x000000078c480000,0x000000078c4e5e30,0x000000078c580000)
  to   space 1024K, 0% used [0x000000078c580000,0x000000078c580000,0x000000078c680000)
 ParOldGen       total 54784K, used 10686K [0x0000000720000000, 0x0000000723580000, 0x000000078ab00000)
  object space 54784K, 19% used [0x0000000720000000,0x0000000720a6fb50,0x0000000723580000)
 Metaspace       used 22185K, capacity 23234K, committed 23296K, reserved 1069056K
  class space    used 3057K, capacity 3287K, committed 3328K, reserved 1048576K
Event: 277.468 GC heap after
Heap after GC invocations=65 (full 1):
 PSYoungGen      total 27136K, used 365K [0x000000078ab00000, 0x000000078c680000, 0x00000007c0000000)
  eden space 26112K, 0% used [0x000000078ab00000,0x000000078ab00000,0x000000078c480000)
  from space 1024K, 35% used [0x000000078c580000,0x000000078c5db520,0x000000078c680000)
  to   space 1024K, 0% used [0x000000078c480000,0x000000078c480000,0x000000078c580000)
 ParOldGen       total 54784K, used 10702K [0x0000000720000000, 0x0000000723580000, 0x000000078ab00000)
  object space 54784K, 19% used [0x0000000720000000,0x0000000720a73b50,0x0000000723580000)
 Metaspace       used 22185K, capacity 23234K, committed 23296K, reserved 1069056K
  class space    used 3057K, capacity 3287K, committed 3328K, reserved 1048576K
}
Event: 289.705 GC heap before
{Heap before GC invocations=66 (full 1):
 PSYoungGen      total 27136K, used 26382K [0x000000078ab00000, 0x000000078c680000, 0x00000007c0000000)
  eden space 26112K, 99% used [0x000000078ab00000,0x000000078c468480,0x000000078c480000)
  from space 1024K, 35% used [0x000000078c580000,0x000000078c5db520,0x000000078c680000)
  to   space 1024K, 0% used [0x000000078c480000,0x000000078c480000,0x000000078c580000)
 ParOldGen       total 54784K, used 10702K [0x0000000720000000, 0x0000000723580000, 0x000000078ab00000)
  object space 54784K, 19% used [0x0000000720000000,0x0000000720a73b50,0x0000000723580000)
 Metaspace       used 22291K, capacity 23394K, committed 23552K, reserved 1069056K
  class space    used 3058K, capacity 3319K, committed 3328K, reserved 1048576K
Event: 289.706 GC heap after
Heap after GC invocations=66 (full 1):
 PSYoungGen      total 27136K, used 797K [0x000000078ab00000, 0x000000078c680000, 0x00000007c0000000)
  eden space 26112K, 0% used [0x000000078ab00000,0x000000078ab00000,0x000000078c480000)
  from space 1024K, 77% used [0x000000078c480000,0x000000078c547650,0x000000078c580000)
  to   space 1024K, 0% used [0x000000078c580000,0x000000078c580000,0x000000078c680000)
 ParOldGen       total 54784K, used 10718K [0x0000000720000000, 0x0000000723580000, 0x000000078ab00000)
  object space 54784K, 19% used [0x0000000720000000,0x0000000720a77b50,0x0000000723580000)
 Metaspace       used 22291K, capacity 23394K, committed 23552K, reserved 1069056K
  class space    used 3058K, capacity 3319K, committed 3328K, reserved 1048576K
}
Event: 291.504 GC heap before
{Heap before GC invocations=67 (full 1):
 PSYoungGen      total 27136K, used 26908K [0x000000078ab00000, 0x000000078c680000, 0x00000007c0000000)
  eden space 26112K, 99% used [0x000000078ab00000,0x000000078c47fd18,0x000000078c480000)
  from space 1024K, 77% used [0x000000078c480000,0x000000078c547650,0x000000078c580000)
  to   space 1024K, 0% used [0x000000078c580000,0x000000078c580000,0x000000078c680000)
 ParOldGen       total 54784K, used 10718K [0x0000000720000000, 0x0000000723580000, 0x000000078ab00000)
  object space 54784K, 19% used [0x0000000720000000,0x0000000720a77b50,0x0000000723580000)
 Metaspace       used 22291K, capacity 23394K, committed 23552K, reserved 1069056K
  class space    used 3058K, capacity 3319K, committed 3328K, reserved 1048576K
Event: 291.505 GC heap after
Heap after GC invocations=67 (full 1):
 PSYoungGen      total 27136K, used 698K [0x000000078ab00000, 0x000000078c680000, 0x00000007c0000000)
  eden space 26112K, 0% used [0x000000078ab00000,0x000000078ab00000,0x000000078c480000)
  from space 1024K, 68% used [0x000000078c580000,0x000000078c62ea40,0x000000078c680000)
  to   space 1024K, 0% used [0x000000078c480000,0x000000078c480000,0x000000078c580000)
 ParOldGen       total 54784K, used 10742K [0x0000000720000000, 0x0000000723580000, 0x000000078ab00000)
  object space 54784K, 19% used [0x0000000720000000,0x0000000720a7db50,0x0000000723580000)
 Metaspace       used 22291K, capacity 23394K, committed 23552K, reserved 1069056K
  class space    used 3058K, capacity 3319K, committed 3328K, reserved 1048576K
}
Event: 293.442 GC heap before
{Heap before GC invocations=68 (full 1):
 PSYoungGen      total 27136K, used 26798K [0x000000078ab00000, 0x000000078c680000, 0x00000007c0000000)
  eden space 26112K, 99% used [0x000000078ab00000,0x000000078c47d068,0x000000078c480000)
  from space 1024K, 68% used [0x000000078c580000,0x000000078c62ea40,0x000000078c680000)
  to   space 1024K, 0% used [0x000000078c480000,0x000000078c480000,0x000000078c580000)
 ParOldGen       total 54784K, used 10742K [0x0000000720000000, 0x0000000723580000, 0x000000078ab00000)
  object space 54784K, 19% used [0x0000000720000000,0x0000000720a7db50,0x0000000723580000)
 Metaspace       used 22294K, capacity 23394K, committed 23552K, reserved 1069056K
  class space    used 3058K, capacity 3319K, committed 3328K, reserved 1048576K
Event: 293.443 GC heap after
Heap after GC invocations=68 (full 1):
 PSYoungGen      total 27136K, used 493K [0x000000078ab00000, 0x000000078c680000, 0x00000007c0000000)
  eden space 26112K, 0% used [0x000000078ab00000,0x000000078ab00000,0x000000078c480000)
  from space 1024K, 48% used [0x000000078c480000,0x000000078c4fb520,0x000000078c580000)
  to   space 1024K, 0% used [0x000000078c580000,0x000000078c580000,0x000000078c680000)
 ParOldGen       total 54784K, used 10766K [0x0000000720000000, 0x0000000723580000, 0x000000078ab00000)
  object space 54784K, 19% used [0x0000000720000000,0x0000000720a83b50,0x0000000723580000)
 Metaspace       used 22294K, capacity 23394K, committed 23552K, reserved 1069056K
  class space    used 3058K, capacity 3319K, committed 3328K, reserved 1048576K
}

